-------------------------------------------------------------------------------
Test set: br.com.asty.mvc.mudi.MudiApplicationTests
-------------------------------------------------------------------------------
Tests run: 1, Failures: 0, Errors: 1, Skipped: 0, Time elapsed: 6.68 s <<< FAILURE! - in br.com.asty.mvc.mudi.MudiApplicationTests
contextLoads  Time elapsed: 0 s  <<< ERROR!
java.lang.IllegalStateException: Failed to load ApplicationContext
Caused by: org.springframework.beans.factory.BeanCreationException: Error creating bean with name 'entityManagerFactory' defined in class path resource [org/springframework/boot/autoconfigure/orm/jpa/HibernateJpaConfiguration.class]: Invocation of init method failed; nested exception is javax.persistence.PersistenceException: [PersistenceUnit: default] Unable to build Hibernate SessionFactory; nested exception is org.hibernate.exception.JDBCConnectionException: Unable to open JDBC Connection for DDL execution
Caused by: javax.persistence.PersistenceException: [PersistenceUnit: default] Unable to build Hibernate SessionFactory; nested exception is org.hibernate.exception.JDBCConnectionException: Unable to open JDBC Connection for DDL execution
Caused by: org.hibernate.exception.JDBCConnectionException: Unable to open JDBC Connection for DDL execution
Caused by: java.sql.SQLInvalidAuthorizationSpecException: 
Could not connect to address=(host=127.0.0.1)(port=3306)(type=master) : (conn=6) Access denied for user 'admin'@'localhost' (using password: YES)
Current charset is windows-1252. If password has been set using other charset, consider using option 'passwordCharacterEncoding'
Caused by: java.sql.SQLInvalidAuthorizationSpecException: 
(conn=6) Access denied for user 'admin'@'localhost' (using password: YES)
Current charset is windows-1252. If password has been set using other charset, consider using option 'passwordCharacterEncoding'

